# JRE version: OpenJDK Runtime Environment Microsoft-7208460 (11.0.18+10) (build 11.0.18+10-LTS)
# Java VM: OpenJDK 64-Bit Server VM Microsoft-7208460 (11.0.18+10-LTS, mixed mode, tiered, compressed oops, g1 gc, windows-amd64)
Heap:
 garbage-first heap   total 189440K, used 37821K [0x0000000080000000, 0x0000000100000000)
  region size 1024K, 4 young (4096K), 4 survivors (4096K)
 Metaspace       used 46846K, capacity 47978K, committed 48080K, reserved 559104K
  class space    used 5722K, capacity 6209K, committed 6272K, reserved 516096K
GC Heap History (20 events):
Event: 30.526 GC heap after
{Heap after GC invocations=32 (full 0):
 garbage-first heap   total 157696K, used 35289K [0x0000000080000000, 0x0000000100000000)
  region size 1024K, 4 young (4096K), 4 survivors (4096K)
 Metaspace       used 45120K, capacity 46264K, committed 46416K, reserved 557056K
  class space    used 5545K, capacity 6042K, committed 6144K, reserved 516096K
}
Event: 30.907 GC heap before
{Heap before GC invocations=32 (full 0):
 garbage-first heap   total 157696K, used 125401K [0x0000000080000000, 0x0000000100000000)
  region size 1024K, 92 young (94208K), 4 survivors (4096K)
 Metaspace       used 45122K, capacity 46264K, committed 46416K, reserved 557056K
  class space    used 5545K, capacity 6042K, committed 6144K, reserved 516096K
}
Event: 30.911 GC heap after
{Heap after GC invocations=33 (full 0):
 garbage-first heap   total 157696K, used 35199K [0x0000000080000000, 0x0000000100000000)
  region size 1024K, 3 young (3072K), 3 survivors (3072K)
 Metaspace       used 45122K, capacity 46264K, committed 46416K, reserved 557056K
  class space    used 5545K, capacity 6042K, committed 6144K, reserved 516096K
}
Event: 31.231 GC heap before
{Heap before GC invocations=33 (full 0):
 garbage-first heap   total 157696K, used 126335K [0x0000000080000000, 0x0000000100000000)
  region size 1024K, 92 young (94208K), 3 survivors (3072K)
 Metaspace       used 45122K, capacity 46264K, committed 46416K, reserved 557056K
  class space    used 5545K, capacity 6042K, committed 6144K, reserved 516096K
}
Event: 31.236 GC heap after
{Heap after GC invocations=34 (full 0):
 garbage-first heap   total 157696K, used 35554K [0x0000000080000000, 0x0000000100000000)
  region size 1024K, 4 young (4096K), 4 survivors (4096K)
 Metaspace       used 45122K, capacity 46264K, committed 46416K, reserved 557056K
  class space    used 5545K, capacity 6042K, committed 6144K, reserved 516096K
}
Event: 31.617 GC heap before
{Heap before GC invocations=34 (full 0):
 garbage-first heap   total 157696K, used 125666K [0x0000000080000000, 0x0000000100000000)
  region size 1024K, 92 young (94208K), 4 survivors (4096K)
 Metaspace       used 45122K, capacity 46264K, committed 46416K, reserved 557056K
  class space    used 5545K, capacity 6042K, committed 6144K, reserved 516096K
}
Event: 31.621 GC heap after
{Heap after GC invocations=35 (full 0):
 garbage-first heap   total 157696K, used 36033K [0x0000000080000000, 0x0000000100000000)
  region size 1024K, 4 young (4096K), 4 survivors (4096K)
 Metaspace       used 45122K, capacity 46264K, committed 46416K, reserved 557056K
  class space    used 5545K, capacity 6042K, committed 6144K, reserved 516096K
}
Event: 32.097 GC heap before
{Heap before GC invocations=35 (full 0):
 garbage-first heap   total 157696K, used 126145K [0x0000000080000000, 0x0000000100000000)
  region size 1024K, 92 young (94208K), 4 survivors (4096K)
 Metaspace       used 46060K, capacity 47265K, committed 47440K, reserved 559104K
  class space    used 5633K, capacity 6141K, committed 6144K, reserved 516096K
}
Event: 32.101 GC heap after
{Heap after GC invocations=36 (full 0):
 garbage-first heap   total 157696K, used 36950K [0x0000000080000000, 0x0000000100000000)
  region size 1024K, 5 young (5120K), 5 survivors (5120K)
 Metaspace       used 46060K, capacity 47265K, committed 47440K, reserved 559104K
  class space    used 5633K, capacity 6141K, committed 6144K, reserved 516096K
}
Event: 32.823 GC heap before
{Heap before GC invocations=36 (full 0):
 garbage-first heap   total 157696K, used 126038K [0x0000000080000000, 0x0000000100000000)
  region size 1024K, 92 young (94208K), 5 survivors (5120K)
 Metaspace       used 46845K, capacity 47978K, committed 48080K, reserved 559104K
  class space    used 5722K, capacity 6209K, committed 6272K, reserved 516096K
}
Event: 32.830 GC heap after
{Heap after GC invocations=37 (full 0):
 garbage-first heap   total 157696K, used 37159K [0x0000000080000000, 0x0000000100000000)
  region size 1024K, 5 young (5120K), 5 survivors (5120K)
 Metaspace       used 46845K, capacity 47978K, committed 48080K, reserved 559104K
  class space    used 5722K, capacity 6209K, committed 6272K, reserved 516096K
}
Event: 33.172 GC heap before
{Heap before GC invocations=37 (full 0):
 garbage-first heap   total 157696K, used 126247K [0x0000000080000000, 0x0000000100000000)
  region size 1024K, 92 young (94208K), 5 survivors (5120K)
 Metaspace       used 46845K, capacity 47978K, committed 48080K, reserved 559104K
  class space    used 5722K, capacity 6209K, committed 6272K, reserved 516096K
}
Event: 33.179 GC heap after
{Heap after GC invocations=38 (full 0):
 garbage-first heap   total 157696K, used 37249K [0x0000000080000000, 0x0000000100000000)
  region size 1024K, 5 young (5120K), 5 survivors (5120K)
 Metaspace       used 46845K, capacity 47978K, committed 48080K, reserved 559104K
  class space    used 5722K, capacity 6209K, committed 6272K, reserved 516096K
}
Event: 33.546 GC heap before
{Heap before GC invocations=38 (full 0):
 garbage-first heap   total 157696K, used 126337K [0x0000000080000000, 0x0000000100000000)
  region size 1024K, 92 young (94208K), 5 survivors (5120K)
 Metaspace       used 46845K, capacity 47978K, committed 48080K, reserved 559104K
  class space    used 5722K, capacity 6209K, committed 6272K, reserved 516096K
}
Event: 33.550 GC heap after
{Heap after GC invocations=39 (full 0):
 garbage-first heap   total 157696K, used 37643K [0x0000000080000000, 0x0000000100000000)
  region size 1024K, 5 young (5120K), 5 survivors (5120K)
 Metaspace       used 46845K, capacity 47978K, committed 48080K, reserved 559104K
  class space    used 5722K, capacity 6209K, committed 6272K, reserved 516096K
}
Event: 33.812 GC heap before
{Heap before GC invocations=39 (full 0):
 garbage-first heap   total 157696K, used 126731K [0x0000000080000000, 0x0000000100000000)
  region size 1024K, 92 young (94208K), 5 survivors (5120K)
 Metaspace       used 46845K, capacity 47978K, committed 48080K, reserved 559104K
  class space    used 5722K, capacity 6209K, committed 6272K, reserved 516096K
}
Event: 33.817 GC heap after
{Heap after GC invocations=40 (full 0):
 garbage-first heap   total 157696K, used 37413K [0x0000000080000000, 0x0000000100000000)
  region size 1024K, 5 young (5120K), 5 survivors (5120K)
 Metaspace       used 46845K, capacity 47978K, committed 48080K, reserved 559104K
  class space    used 5722K, capacity 6209K, committed 6272K, reserved 516096K
}
Event: 34.041 GC heap before
{Heap before GC invocations=40 (full 0):
 garbage-first heap   total 157696K, used 126501K [0x0000000080000000, 0x0000000100000000)
  region size 1024K, 92 young (94208K), 5 survivors (5120K)
 Metaspace       used 46846K, capacity 47978K, committed 48080K, reserved 559104K
  class space    used 5722K, capacity 6209K, committed 6272K, reserved 516096K
}
Event: 34.046 GC heap after
{Heap after GC invocations=41 (full 0):
 garbage-first heap   total 157696K, used 37795K [0x0000000080000000, 0x0000000100000000)
  region size 1024K, 5 young (5120K), 5 survivors (5120K)
 Metaspace       used 46846K, capacity 47978K, committed 48080K, reserved 559104K
  class space    used 5722K, capacity 6209K, committed 6272K, reserved 516096K
}
Event: 34.318 GC heap before
{Heap before GC invocations=41 (full 0):
 garbage-first heap   total 157696K, used 126883K [0x0000000080000000, 0x0000000100000000)
  region size 1024K, 92 young (94208K), 5 survivors (5120K)
 Metaspace       used 46846K, capacity 47978K, committed 48080K, reserved 559104K
  class space    used 5722K, capacity 6209K, committed 6272K, reserved 516096K
}

