# JRE version: OpenJDK Runtime Environment Microsoft-7208460 (11.0.18+10) (build 11.0.18+10-LTS)
# Java VM: OpenJDK 64-Bit Server VM Microsoft-7208460 (11.0.18+10-LTS, mixed mode, tiered, compressed oops, g1 gc, windows-amd64)
Heap:
 garbage-first heap   total 199680K, used 129063K [0x0000000081c00000, 0x0000000100000000)
  region size 1024K, 17 young (17408K), 2 survivors (2048K)
 Metaspace       used 87437K, capacity 88392K, committed 88540K, reserved 1128448K
  class space    used 9177K, capacity 9561K, committed 9596K, reserved 1048576K
GC Heap History (20 events):
Event: 132.090 GC heap before
{Heap before GC invocations=46 (full 0):
 garbage-first heap   total 131072K, used 114536K [0x0000000081c00000, 0x0000000100000000)
  region size 1024K, 7 young (7168K), 1 survivors (1024K)
 Metaspace       used 78078K, capacity 79000K, committed 79196K, reserved 1120256K
  class space    used 8247K, capacity 8628K, committed 8700K, reserved 1048576K
}
Event: 132.094 GC heap after
{Heap after GC invocations=47 (full 0):
 garbage-first heap   total 131072K, used 109429K [0x0000000081c00000, 0x0000000100000000)
  region size 1024K, 1 young (1024K), 1 survivors (1024K)
 Metaspace       used 78078K, capacity 79000K, committed 79196K, reserved 1120256K
  class space    used 8247K, capacity 8628K, committed 8700K, reserved 1048576K
}
Event: 132.348 GC heap before
{Heap before GC invocations=47 (full 0):
 garbage-first heap   total 131072K, used 114549K [0x0000000081c00000, 0x0000000100000000)
  region size 1024K, 6 young (6144K), 1 survivors (1024K)
 Metaspace       used 78107K, capacity 79064K, committed 79196K, reserved 1120256K
  class space    used 8247K, capacity 8628K, committed 8700K, reserved 1048576K
}
Event: 132.352 GC heap after
{Heap after GC invocations=48 (full 0):
 garbage-first heap   total 131072K, used 110031K [0x0000000081c00000, 0x0000000100000000)
  region size 1024K, 1 young (1024K), 1 survivors (1024K)
 Metaspace       used 78107K, capacity 79064K, committed 79196K, reserved 1120256K
  class space    used 8247K, capacity 8628K, committed 8700K, reserved 1048576K
}
Event: 132.747 GC heap before
{Heap before GC invocations=48 (full 0):
 garbage-first heap   total 131072K, used 115151K [0x0000000081c00000, 0x0000000100000000)
  region size 1024K, 6 young (6144K), 1 survivors (1024K)
 Metaspace       used 78114K, capacity 79064K, committed 79196K, reserved 1120256K
  class space    used 8247K, capacity 8628K, committed 8700K, reserved 1048576K
}
Event: 132.753 GC heap after
{Heap after GC invocations=49 (full 0):
 garbage-first heap   total 157696K, used 110700K [0x0000000081c00000, 0x0000000100000000)
  region size 1024K, 1 young (1024K), 1 survivors (1024K)
 Metaspace       used 78114K, capacity 79064K, committed 79196K, reserved 1120256K
  class space    used 8247K, capacity 8628K, committed 8700K, reserved 1048576K
}
Event: 133.084 GC heap before
{Heap before GC invocations=50 (full 0):
 garbage-first heap   total 157696K, used 126060K [0x0000000081c00000, 0x0000000100000000)
  region size 1024K, 16 young (16384K), 1 survivors (1024K)
 Metaspace       used 78545K, capacity 79480K, committed 79708K, reserved 1120256K
  class space    used 8298K, capacity 8660K, committed 8700K, reserved 1048576K
}
Event: 133.096 GC heap after
{Heap after GC invocations=51 (full 0):
 garbage-first heap   total 157696K, used 113299K [0x0000000081c00000, 0x0000000100000000)
  region size 1024K, 2 young (2048K), 2 survivors (2048K)
 Metaspace       used 78545K, capacity 79480K, committed 79708K, reserved 1120256K
  class space    used 8298K, capacity 8660K, committed 8700K, reserved 1048576K
}
Event: 133.345 GC heap before
{Heap before GC invocations=51 (full 0):
 garbage-first heap   total 157696K, used 127635K [0x0000000081c00000, 0x0000000100000000)
  region size 1024K, 16 young (16384K), 2 survivors (2048K)
 Metaspace       used 78807K, capacity 79704K, committed 80092K, reserved 1120256K
  class space    used 8327K, capacity 8692K, committed 8828K, reserved 1048576K
}
Event: 133.354 GC heap after
{Heap after GC invocations=52 (full 0):
 garbage-first heap   total 157696K, used 115846K [0x0000000081c00000, 0x0000000100000000)
  region size 1024K, 2 young (2048K), 2 survivors (2048K)
 Metaspace       used 78807K, capacity 79704K, committed 80092K, reserved 1120256K
  class space    used 8327K, capacity 8692K, committed 8828K, reserved 1048576K
}
Event: 134.360 GC heap before
{Heap before GC invocations=53 (full 0):
 garbage-first heap   total 157696K, used 127110K [0x0000000081c00000, 0x0000000100000000)
  region size 1024K, 15 young (15360K), 2 survivors (2048K)
 Metaspace       used 81120K, capacity 82043K, committed 82268K, reserved 1122304K
  class space    used 8557K, capacity 8917K, committed 8956K, reserved 1048576K
}
Event: 134.375 GC heap after
{Heap after GC invocations=54 (full 0):
 garbage-first heap   total 157696K, used 114733K [0x0000000081c00000, 0x0000000100000000)
  region size 1024K, 1 young (1024K), 1 survivors (1024K)
 Metaspace       used 81120K, capacity 82043K, committed 82268K, reserved 1122304K
  class space    used 8557K, capacity 8917K, committed 8956K, reserved 1048576K
}
Event: 134.771 GC heap before
{Heap before GC invocations=54 (full 0):
 garbage-first heap   total 157696K, used 119853K [0x0000000081c00000, 0x0000000100000000)
  region size 1024K, 7 young (7168K), 1 survivors (1024K)
 Metaspace       used 82279K, capacity 83195K, committed 83420K, reserved 1124352K
  class space    used 8682K, capacity 9045K, committed 9084K, reserved 1048576K
}
Event: 134.788 GC heap after
{Heap after GC invocations=55 (full 0):
 garbage-first heap   total 199680K, used 110078K [0x0000000081c00000, 0x0000000100000000)
  region size 1024K, 1 young (1024K), 1 survivors (1024K)
 Metaspace       used 82279K, capacity 83195K, committed 83420K, reserved 1124352K
  class space    used 8682K, capacity 9045K, committed 9084K, reserved 1048576K
}
Event: 135.809 GC heap before
{Heap before GC invocations=55 (full 0):
 garbage-first heap   total 199680K, used 138750K [0x0000000081c00000, 0x0000000100000000)
  region size 1024K, 29 young (29696K), 1 survivors (1024K)
 Metaspace       used 85172K, capacity 86078K, committed 86364K, reserved 1126400K
  class space    used 9010K, capacity 9366K, committed 9468K, reserved 1048576K
}
Event: 135.831 GC heap after
{Heap after GC invocations=56 (full 0):
 garbage-first heap   total 199680K, used 112824K [0x0000000081c00000, 0x0000000100000000)
  region size 1024K, 4 young (4096K), 4 survivors (4096K)
 Metaspace       used 85172K, capacity 86078K, committed 86364K, reserved 1126400K
  class space    used 9010K, capacity 9366K, committed 9468K, reserved 1048576K
}
Event: 137.641 GC heap before
{Heap before GC invocations=57 (full 0):
 garbage-first heap   total 199680K, used 143544K [0x0000000081c00000, 0x0000000100000000)
  region size 1024K, 34 young (34816K), 4 survivors (4096K)
 Metaspace       used 86423K, capacity 87367K, committed 87516K, reserved 1128448K
  class space    used 9119K, capacity 9497K, committed 9596K, reserved 1048576K
}
Event: 137.656 GC heap after
{Heap after GC invocations=58 (full 0):
 garbage-first heap   total 199680K, used 114041K [0x0000000081c00000, 0x0000000100000000)
  region size 1024K, 2 young (2048K), 2 survivors (2048K)
 Metaspace       used 86423K, capacity 87367K, committed 87516K, reserved 1128448K
  class space    used 9119K, capacity 9497K, committed 9596K, reserved 1048576K
}
Event: 138.742 GC heap before
{Heap before GC invocations=58 (full 0):
 garbage-first heap   total 199680K, used 146809K [0x0000000081c00000, 0x0000000100000000)
  region size 1024K, 34 young (34816K), 2 survivors (2048K)
 Metaspace       used 87320K, capacity 88264K, committed 88540K, reserved 1128448K
  class space    used 9174K, capacity 9561K, committed 9596K, reserved 1048576K
}
Event: 138.750 GC heap after
{Heap after GC invocations=59 (full 0):
 garbage-first heap   total 199680K, used 114727K [0x0000000081c00000, 0x0000000100000000)
  region size 1024K, 2 young (2048K), 2 survivors (2048K)
 Metaspace       used 87320K, capacity 88264K, committed 88540K, reserved 1128448K
  class space    used 9174K, capacity 9561K, committed 9596K, reserved 1048576K
}

