# JRE version: OpenJDK Runtime Environment Microsoft-7208460 (11.0.18+10) (build 11.0.18+10-LTS)
# Java VM: OpenJDK 64-Bit Server VM Microsoft-7208460 (11.0.18+10-LTS, mixed mode, tiered, compressed oops, g1 gc, windows-amd64)
Heap:
 garbage-first heap   total 227328K, used 81150K [0x0000000080000000, 0x0000000100000000)
  region size 1024K, 17 young (17408K), 6 survivors (6144K)
 Metaspace       used 53467K, capacity 54869K, committed 54992K, reserved 565248K
  class space    used 6471K, capacity 7008K, committed 7040K, reserved 516096K
GC Heap History (20 events):
Event: 95.415 GC heap before
{Heap before GC invocations=78 (full 0):
 garbage-first heap   total 227328K, used 197262K [0x0000000080000000, 0x0000000100000000)
  region size 1024K, 132 young (135168K), 5 survivors (5120K)
 Metaspace       used 52885K, capacity 54322K, committed 54480K, reserved 565248K
  class space    used 6424K, capacity 6975K, committed 7040K, reserved 516096K
}
Event: 95.421 GC heap after
{Heap after GC invocations=79 (full 0):
 garbage-first heap   total 227328K, used 67487K [0x0000000080000000, 0x0000000100000000)
  region size 1024K, 5 young (5120K), 5 survivors (5120K)
 Metaspace       used 52885K, capacity 54322K, committed 54480K, reserved 565248K
  class space    used 6424K, capacity 6975K, committed 7040K, reserved 516096K
}
Event: 97.277 GC heap before
{Heap before GC invocations=79 (full 0):
 garbage-first heap   total 227328K, used 197535K [0x0000000080000000, 0x0000000100000000)
  region size 1024K, 132 young (135168K), 5 survivors (5120K)
 Metaspace       used 52888K, capacity 54322K, committed 54480K, reserved 565248K
  class space    used 6424K, capacity 6975K, committed 7040K, reserved 516096K
}
Event: 97.283 GC heap after
{Heap after GC invocations=80 (full 0):
 garbage-first heap   total 227328K, used 67538K [0x0000000080000000, 0x0000000100000000)
  region size 1024K, 5 young (5120K), 5 survivors (5120K)
 Metaspace       used 52888K, capacity 54322K, committed 54480K, reserved 565248K
  class space    used 6424K, capacity 6975K, committed 7040K, reserved 516096K
}
Event: 99.255 GC heap before
{Heap before GC invocations=80 (full 0):
 garbage-first heap   total 227328K, used 197586K [0x0000000080000000, 0x0000000100000000)
  region size 1024K, 132 young (135168K), 5 survivors (5120K)
 Metaspace       used 52895K, capacity 54322K, committed 54480K, reserved 565248K
  class space    used 6424K, capacity 6975K, committed 7040K, reserved 516096K
}
Event: 99.261 GC heap after
{Heap after GC invocations=81 (full 0):
 garbage-first heap   total 227328K, used 67909K [0x0000000080000000, 0x0000000100000000)
  region size 1024K, 5 young (5120K), 5 survivors (5120K)
 Metaspace       used 52895K, capacity 54322K, committed 54480K, reserved 565248K
  class space    used 6424K, capacity 6975K, committed 7040K, reserved 516096K
}
Event: 100.606 GC heap before
{Heap before GC invocations=81 (full 0):
 garbage-first heap   total 227328K, used 197957K [0x0000000080000000, 0x0000000100000000)
  region size 1024K, 132 young (135168K), 5 survivors (5120K)
 Metaspace       used 52895K, capacity 54322K, committed 54480K, reserved 565248K
  class space    used 6424K, capacity 6975K, committed 7040K, reserved 516096K
}
Event: 100.613 GC heap after
{Heap after GC invocations=82 (full 0):
 garbage-first heap   total 227328K, used 68401K [0x0000000080000000, 0x0000000100000000)
  region size 1024K, 5 young (5120K), 5 survivors (5120K)
 Metaspace       used 52895K, capacity 54322K, committed 54480K, reserved 565248K
  class space    used 6424K, capacity 6975K, committed 7040K, reserved 516096K
}
Event: 102.429 GC heap before
{Heap before GC invocations=82 (full 0):
 garbage-first heap   total 227328K, used 197425K [0x0000000080000000, 0x0000000100000000)
  region size 1024K, 131 young (134144K), 5 survivors (5120K)
 Metaspace       used 52895K, capacity 54322K, committed 54480K, reserved 565248K
  class space    used 6424K, capacity 6975K, committed 7040K, reserved 516096K
}
Event: 102.435 GC heap after
{Heap after GC invocations=83 (full 0):
 garbage-first heap   total 227328K, used 68795K [0x0000000080000000, 0x0000000100000000)
  region size 1024K, 5 young (5120K), 5 survivors (5120K)
 Metaspace       used 52895K, capacity 54322K, committed 54480K, reserved 565248K
  class space    used 6424K, capacity 6975K, committed 7040K, reserved 516096K
}
Event: 103.811 GC heap before
{Heap before GC invocations=83 (full 0):
 garbage-first heap   total 227328K, used 197819K [0x0000000080000000, 0x0000000100000000)
  region size 1024K, 131 young (134144K), 5 survivors (5120K)
 Metaspace       used 52896K, capacity 54322K, committed 54480K, reserved 565248K
  class space    used 6424K, capacity 6975K, committed 7040K, reserved 516096K
}
Event: 103.818 GC heap after
{Heap after GC invocations=84 (full 0):
 garbage-first heap   total 227328K, used 69047K [0x0000000080000000, 0x0000000100000000)
  region size 1024K, 5 young (5120K), 5 survivors (5120K)
 Metaspace       used 52896K, capacity 54322K, committed 54480K, reserved 565248K
  class space    used 6424K, capacity 6975K, committed 7040K, reserved 516096K
}
Event: 105.140 GC heap before
{Heap before GC invocations=84 (full 0):
 garbage-first heap   total 227328K, used 198071K [0x0000000080000000, 0x0000000100000000)
  region size 1024K, 131 young (134144K), 5 survivors (5120K)
 Metaspace       used 52899K, capacity 54322K, committed 54480K, reserved 565248K
  class space    used 6424K, capacity 6975K, committed 7040K, reserved 516096K
}
Event: 105.148 GC heap after
{Heap after GC invocations=85 (full 0):
 garbage-first heap   total 227328K, used 69554K [0x0000000080000000, 0x0000000100000000)
  region size 1024K, 5 young (5120K), 5 survivors (5120K)
 Metaspace       used 52899K, capacity 54322K, committed 54480K, reserved 565248K
  class space    used 6424K, capacity 6975K, committed 7040K, reserved 516096K
}
Event: 106.657 GC heap before
{Heap before GC invocations=85 (full 0):
 garbage-first heap   total 227328K, used 197554K [0x0000000080000000, 0x0000000100000000)
  region size 1024K, 130 young (133120K), 5 survivors (5120K)
 Metaspace       used 52900K, capacity 54322K, committed 54480K, reserved 565248K
  class space    used 6424K, capacity 6975K, committed 7040K, reserved 516096K
}
Event: 106.663 GC heap after
{Heap after GC invocations=86 (full 0):
 garbage-first heap   total 227328K, used 69758K [0x0000000080000000, 0x0000000100000000)
  region size 1024K, 5 young (5120K), 5 survivors (5120K)
 Metaspace       used 52900K, capacity 54322K, committed 54480K, reserved 565248K
  class space    used 6424K, capacity 6975K, committed 7040K, reserved 516096K
}
Event: 107.807 GC heap before
{Heap before GC invocations=86 (full 0):
 garbage-first heap   total 227328K, used 197758K [0x0000000080000000, 0x0000000100000000)
  region size 1024K, 130 young (133120K), 5 survivors (5120K)
 Metaspace       used 52900K, capacity 54322K, committed 54480K, reserved 565248K
  class space    used 6424K, capacity 6975K, committed 7040K, reserved 516096K
}
Event: 107.813 GC heap after
{Heap after GC invocations=87 (full 0):
 garbage-first heap   total 227328K, used 70521K [0x0000000080000000, 0x0000000100000000)
  region size 1024K, 6 young (6144K), 6 survivors (6144K)
 Metaspace       used 52900K, capacity 54322K, committed 54480K, reserved 565248K
  class space    used 6424K, capacity 6975K, committed 7040K, reserved 516096K
}
Event: 108.794 GC heap before
{Heap before GC invocations=87 (full 0):
 garbage-first heap   total 227328K, used 196473K [0x0000000080000000, 0x0000000100000000)
  region size 1024K, 129 young (132096K), 6 survivors (6144K)
 Metaspace       used 52902K, capacity 54322K, committed 54480K, reserved 565248K
  class space    used 6424K, capacity 6975K, committed 7040K, reserved 516096K
}
Event: 108.800 GC heap after
{Heap after GC invocations=88 (full 0):
 garbage-first heap   total 227328K, used 70910K [0x0000000080000000, 0x0000000100000000)
  region size 1024K, 6 young (6144K), 6 survivors (6144K)
 Metaspace       used 52902K, capacity 54322K, committed 54480K, reserved 565248K
  class space    used 6424K, capacity 6975K, committed 7040K, reserved 516096K
}

