# JRE version: OpenJDK Runtime Environment Microsoft-7208460 (11.0.18+10) (build 11.0.18+10-LTS)
# Java VM: OpenJDK 64-Bit Server VM Microsoft-7208460 (11.0.18+10-LTS, mixed mode, tiered, compressed oops, g1 gc, windows-amd64)
Heap:
 garbage-first heap   total 157696K, used 111536K [0x0000000080000000, 0x0000000100000000)
  region size 1024K, 45 young (46080K), 2 survivors (2048K)
 Metaspace       used 85238K, capacity 87530K, committed 87688K, reserved 593920K
  class space    used 10683K, capacity 11613K, committed 11648K, reserved 516096K
GC Heap History (20 events):
Event: 99.273 GC heap before
{Heap before GC invocations=46 (full 0):
 garbage-first heap   total 131072K, used 112971K [0x0000000080000000, 0x0000000100000000)
  region size 1024K, 41 young (41984K), 4 survivors (4096K)
 Metaspace       used 85137K, capacity 87375K, committed 87688K, reserved 593920K
  class space    used 10677K, capacity 11607K, committed 11648K, reserved 516096K
}
Event: 99.277 GC heap after
{Heap after GC invocations=47 (full 0):
 garbage-first heap   total 131072K, used 75606K [0x0000000080000000, 0x0000000100000000)
  region size 1024K, 4 young (4096K), 4 survivors (4096K)
 Metaspace       used 85137K, capacity 87375K, committed 87688K, reserved 593920K
  class space    used 10677K, capacity 11607K, committed 11648K, reserved 516096K
}
Event: 99.479 GC heap before
{Heap before GC invocations=48 (full 0):
 garbage-first heap   total 131072K, used 112470K [0x0000000080000000, 0x0000000100000000)
  region size 1024K, 40 young (40960K), 4 survivors (4096K)
 Metaspace       used 85137K, capacity 87375K, committed 87688K, reserved 593920K
  class space    used 10677K, capacity 11607K, committed 11648K, reserved 516096K
}
Event: 99.482 GC heap after
{Heap after GC invocations=49 (full 0):
 garbage-first heap   total 131072K, used 76084K [0x0000000080000000, 0x0000000100000000)
  region size 1024K, 4 young (4096K), 4 survivors (4096K)
 Metaspace       used 85137K, capacity 87375K, committed 87688K, reserved 593920K
  class space    used 10677K, capacity 11607K, committed 11648K, reserved 516096K
}
Event: 99.687 GC heap before
{Heap before GC invocations=49 (full 0):
 garbage-first heap   total 131072K, used 111924K [0x0000000080000000, 0x0000000100000000)
  region size 1024K, 39 young (39936K), 4 survivors (4096K)
 Metaspace       used 85166K, capacity 87445K, committed 87688K, reserved 593920K
  class space    used 10677K, capacity 11607K, committed 11648K, reserved 516096K
}
Event: 99.692 GC heap after
{Heap after GC invocations=50 (full 0):
 garbage-first heap   total 157696K, used 76505K [0x0000000080000000, 0x0000000100000000)
  region size 1024K, 3 young (3072K), 3 survivors (3072K)
 Metaspace       used 85166K, capacity 87445K, committed 87688K, reserved 593920K
  class space    used 10677K, capacity 11607K, committed 11648K, reserved 516096K
}
Event: 100.208 GC heap before
{Heap before GC invocations=51 (full 0):
 garbage-first heap   total 157696K, used 126681K [0x0000000080000000, 0x0000000100000000)
  region size 1024K, 52 young (53248K), 3 survivors (3072K)
 Metaspace       used 85208K, capacity 87463K, committed 87688K, reserved 593920K
  class space    used 10683K, capacity 11613K, committed 11648K, reserved 516096K
}
Event: 100.213 GC heap after
{Heap after GC invocations=52 (full 0):
 garbage-first heap   total 157696K, used 77323K [0x0000000080000000, 0x0000000100000000)
  region size 1024K, 4 young (4096K), 4 survivors (4096K)
 Metaspace       used 85208K, capacity 87463K, committed 87688K, reserved 593920K
  class space    used 10683K, capacity 11613K, committed 11648K, reserved 516096K
}
Event: 100.708 GC heap before
{Heap before GC invocations=52 (full 0):
 garbage-first heap   total 157696K, used 128523K [0x0000000080000000, 0x0000000100000000)
  region size 1024K, 54 young (55296K), 4 survivors (4096K)
 Metaspace       used 85221K, capacity 87463K, committed 87688K, reserved 593920K
  class space    used 10683K, capacity 11613K, committed 11648K, reserved 516096K
}
Event: 100.712 GC heap after
{Heap after GC invocations=53 (full 0):
 garbage-first heap   total 157696K, used 71385K [0x0000000080000000, 0x0000000100000000)
  region size 1024K, 4 young (4096K), 4 survivors (4096K)
 Metaspace       used 85221K, capacity 87463K, committed 87688K, reserved 593920K
  class space    used 10683K, capacity 11613K, committed 11648K, reserved 516096K
}
Event: 101.122 GC heap before
{Heap before GC invocations=54 (full 0):
 garbage-first heap   total 157696K, used 125657K [0x0000000080000000, 0x0000000100000000)
  region size 1024K, 57 young (58368K), 4 survivors (4096K)
 Metaspace       used 85227K, capacity 87464K, committed 87688K, reserved 593920K
  class space    used 10683K, capacity 11613K, committed 11648K, reserved 516096K
}
Event: 101.124 GC heap after
{Heap after GC invocations=55 (full 0):
 garbage-first heap   total 157696K, used 68009K [0x0000000080000000, 0x0000000100000000)
  region size 1024K, 1 young (1024K), 1 survivors (1024K)
 Metaspace       used 85227K, capacity 87464K, committed 87688K, reserved 593920K
  class space    used 10683K, capacity 11613K, committed 11648K, reserved 516096K
}
Event: 101.382 GC heap before
{Heap before GC invocations=55 (full 0):
 garbage-first heap   total 157696K, used 126377K [0x0000000080000000, 0x0000000100000000)
  region size 1024K, 57 young (58368K), 1 survivors (1024K)
 Metaspace       used 85227K, capacity 87464K, committed 87688K, reserved 593920K
  class space    used 10683K, capacity 11613K, committed 11648K, reserved 516096K
}
Event: 101.383 GC heap after
{Heap after GC invocations=56 (full 0):
 garbage-first heap   total 157696K, used 68721K [0x0000000080000000, 0x0000000100000000)
  region size 1024K, 1 young (1024K), 1 survivors (1024K)
 Metaspace       used 85227K, capacity 87464K, committed 87688K, reserved 593920K
  class space    used 10683K, capacity 11613K, committed 11648K, reserved 516096K
}
Event: 101.664 GC heap before
{Heap before GC invocations=56 (full 0):
 garbage-first heap   total 157696K, used 127089K [0x0000000080000000, 0x0000000100000000)
  region size 1024K, 58 young (59392K), 1 survivors (1024K)
 Metaspace       used 85227K, capacity 87464K, committed 87688K, reserved 593920K
  class space    used 10683K, capacity 11613K, committed 11648K, reserved 516096K
}
Event: 101.665 GC heap after
{Heap after GC invocations=57 (full 0):
 garbage-first heap   total 157696K, used 69323K [0x0000000080000000, 0x0000000100000000)
  region size 1024K, 1 young (1024K), 1 survivors (1024K)
 Metaspace       used 85227K, capacity 87464K, committed 87688K, reserved 593920K
  class space    used 10683K, capacity 11613K, committed 11648K, reserved 516096K
}
Event: 102.018 GC heap before
{Heap before GC invocations=57 (full 0):
 garbage-first heap   total 157696K, used 128715K [0x0000000080000000, 0x0000000100000000)
  region size 1024K, 59 young (60416K), 1 survivors (1024K)
 Metaspace       used 85231K, capacity 87529K, committed 87688K, reserved 593920K
  class space    used 10683K, capacity 11613K, committed 11648K, reserved 516096K
}
Event: 102.019 GC heap after
{Heap after GC invocations=58 (full 0):
 garbage-first heap   total 157696K, used 67977K [0x0000000080000000, 0x0000000100000000)
  region size 1024K, 1 young (1024K), 1 survivors (1024K)
 Metaspace       used 85231K, capacity 87529K, committed 87688K, reserved 593920K
  class space    used 10683K, capacity 11613K, committed 11648K, reserved 516096K
}
Event: 102.654 GC heap before
{Heap before GC invocations=58 (full 0):
 garbage-first heap   total 157696K, used 129417K [0x0000000080000000, 0x0000000100000000)
  region size 1024K, 61 young (62464K), 1 survivors (1024K)
 Metaspace       used 85231K, capacity 87529K, committed 87688K, reserved 593920K
  class space    used 10683K, capacity 11613K, committed 11648K, reserved 516096K
}
Event: 102.656 GC heap after
{Heap after GC invocations=59 (full 0):
 garbage-first heap   total 157696K, used 68528K [0x0000000080000000, 0x0000000100000000)
  region size 1024K, 2 young (2048K), 2 survivors (2048K)
 Metaspace       used 85231K, capacity 87529K, committed 87688K, reserved 593920K
  class space    used 10683K, capacity 11613K, committed 11648K, reserved 516096K
}

